#
# There is insufficient memory for the Java Runtime Environment to continue.
# Native memory allocation (mmap) failed to map 134217728 bytes for Failed to commit area from 0x0000000081400000 to 0x0000000089400000 of length 134217728.
# Possible reasons:
#   The system is out of physical RAM or swap space
#   The process is running with CompressedOops enabled, and the Java Heap may be blocking the growth of the native heap
# Possible solutions:
#   Reduce memory load on the system
#   Increase physical memory or swap space
#   Check if swap backing store is full
#   Decrease Java heap size (-Xmx/-Xms)
#   Decrease number of Java threads
#   Decrease Java thread stack sizes (-Xss)
#   Set larger code cache with -XX:ReservedCodeCacheSize=
# This output file may be truncated or incomplete.
#
#  Out of Memory Error (./src/hotspot/os/windows/os_windows.cpp:3303), pid=11300, tid=12268
#
# JRE version:  (11.0.8+10) (build )
# Java VM: OpenJDK 64-Bit Server VM (11.0.8+10-b944.6842174, mixed mode, sharing, tiered, compressed oops, g1 gc, windows-amd64)
# No core dump will be written. Minidumps are not enabled by default on client versions of Windows
#

---------------  S U M M A R Y ------------

Command Line: 

Host: Intel(R) Core(TM) i5-7Y54 CPU @ 1.20GHz, 4 cores, 7G,  Windows 10 , 64 bit Build 19041 (10.0.19041.2788)
Time: Sat Apr 22 15:48:29 2023 India Standard Time elapsed time: 0 seconds (0d 0h 0m 0s)

---------------  T H R E A D  ---------------

Current thread (0x000001d53bbae000):  JavaThread "Unknown thread" [_thread_in_vm, id=12268, stack(0x00000045c9600000,0x00000045c9700000)]

Stack: [0x00000045c9600000,0x00000045c9700000]
Native frames: (J=compiled Java code, j=interpreted, Vv=VM code, C=native code)
V  [jvm.dll+0x5de50a]
V  [jvm.dll+0x7122f5]
V  [jvm.dll+0x71384d]
V  [jvm.dll+0x713f03]
V  [jvm.dll+0x23e728]
V  [jvm.dll+0x5db9a4]
V  [jvm.dll+0x5d0ae5]
V  [jvm.dll+0x2fb20b]
V  [jvm.dll+0x2fb17a]
V  [jvm.dll+0x2fb052]
V  [jvm.dll+0x2fff16]
V  [jvm.dll+0x348743]
V  [jvm.dll+0x348e46]
V  [jvm.dll+0x348843]
V  [jvm.dll+0x2d5d68]
V  [jvm.dll+0x2d6f07]
V  [jvm.dll+0x6f11f7]
V  [jvm.dll+0x6f29ec]
V  [jvm.dll+0x355cb9]
V  [jvm.dll+0x6d4ade]
V  [jvm.dll+0x3bdfe3]
V  [jvm.dll+0x3c0201]
C  [jli.dll+0x5373]
C  [ucrtbase.dll+0x21bb2]
C  [KERNEL32.DLL+0x17604]
C  [ntdll.dll+0x526a1]


---------------  P R O C E S S  ---------------

Threads class SMR info:
_java_thread_list=0x000001d539aff740, length=0, elements={
}

Java Threads: ( => current thread )

Other Threads:
  0x000001d539bdc800 GCTaskThread "GC Thread#0" [stack: 0x00000045c9700000,0x00000045c9800000] [id=15084]
  0x000001d53bbf2800 ConcurrentGCThread "G1 Main Marker" [stack: 0x00000045c9800000,0x00000045c9900000] [id=14912]
  0x000001d53bbf4000 ConcurrentGCThread "G1 Conc#0" [stack: 0x00000045c9900000,0x00000045c9a00000] [id=14988]

[error occurred during error reporting (printing all threads), id 0xc0000005, EXCEPTION_ACCESS_VIOLATION (0xc0000005) at pc=0x00007ffb1fc56357]

VM state:not at safepoint (not fully initialized)

VM Mutex/Monitor currently owned by a thread:  ([mutex/lock_event])
[0x000001d53bbaa960] Heap_lock - owner thread: 0x000001d53bbae000

Heap address: 0x0000000081400000, size: 2028 MB, Compressed Oops mode: Non-zero based: 0x0000000081400000
Narrow klass base: 0x0000000000000000, Narrow klass shift: 0

GC Heap History (0 events):
No events

Deoptimization events (0 events):
No events

Classes redefined (0 events):
No events

Internal exceptions (0 events):
No events

Events (1 events):
Event: 0.012 Loaded shared library C:\Program Files\Android\Android Studio\jre\bin\zip.dll


Dynamic libraries:
0x00007ff70cf90000 - 0x00007ff70cf9a000 	C:\Program Files\Android\Android Studio\jre\bin\java.EXE
0x00007ffb67c90000 - 0x00007ffb67e88000 	C:\WINDOWS\SYSTEM32\ntdll.dll
0x00007ffb67360000 - 0x00007ffb6741f000 	C:\WINDOWS\System32\KERNEL32.DLL
0x00007ffb653f0000 - 0x00007ffb656ca000 	C:\WINDOWS\System32\KERNELBASE.dll
0x00007ffb65a60000 - 0x00007ffb65b60000 	C:\WINDOWS\System32\ucrtbase.dll
0x00007ffb5e770000 - 0x00007ffb5e789000 	C:\Program Files\Android\Android Studio\jre\bin\jli.dll
0x00007ffb671c0000 - 0x00007ffb6735d000 	C:\WINDOWS\System32\USER32.dll
0x00007ffb65b60000 - 0x00007ffb65b82000 	C:\WINDOWS\System32\win32u.dll
0x00007ffb67790000 - 0x00007ffb677bb000 	C:\WINDOWS\System32\GDI32.dll
0x00007ffb656d0000 - 0x00007ffb657e0000 	C:\WINDOWS\System32\gdi32full.dll
0x00007ffb65990000 - 0x00007ffb65a2d000 	C:\WINDOWS\System32\msvcp_win.dll
0x00007ffb33780000 - 0x00007ffb33797000 	C:\Program Files\Android\Android Studio\jre\bin\VCRUNTIME140.dll
0x00007ffb4e7d0000 - 0x00007ffb4ea6a000 	C:\WINDOWS\WinSxS\amd64_microsoft.windows.common-controls_6595b64144ccf1df_6.0.19041.1110_none_60b5254171f9507e\COMCTL32.dll
0x00007ffb67960000 - 0x00007ffb679fe000 	C:\WINDOWS\System32\msvcrt.dll
0x00007ffb67890000 - 0x00007ffb678c0000 	C:\WINDOWS\System32\IMM32.DLL
0x00007ffb335a0000 - 0x00007ffb3363d000 	C:\Program Files\Android\Android Studio\jre\bin\msvcp140.dll
0x00007ffb1f970000 - 0x00007ffb2042c000 	C:\Program Files\Android\Android Studio\jre\bin\server\jvm.dll
0x00007ffb67430000 - 0x00007ffb674de000 	C:\WINDOWS\System32\ADVAPI32.dll
0x00007ffb678c0000 - 0x00007ffb6795c000 	C:\WINDOWS\System32\sechost.dll
0x00007ffb66230000 - 0x00007ffb66356000 	C:\WINDOWS\System32\RPCRT4.dll
0x00007ffb67100000 - 0x00007ffb67108000 	C:\WINDOWS\System32\PSAPI.DLL
0x00007ffb549a0000 - 0x00007ffb549a9000 	C:\WINDOWS\SYSTEM32\WSOCK32.dll
0x00007ffb677c0000 - 0x00007ffb6782b000 	C:\WINDOWS\System32\WS2_32.dll
0x00007ffb53ae0000 - 0x00007ffb53b07000 	C:\WINDOWS\SYSTEM32\WINMM.dll
0x00007ffb64130000 - 0x00007ffb6413a000 	C:\WINDOWS\SYSTEM32\VERSION.dll
0x00007ffb640f0000 - 0x00007ffb64102000 	C:\WINDOWS\SYSTEM32\kernel.appcore.dll
0x00007ffb3b540000 - 0x00007ffb3b551000 	C:\Program Files\Android\Android Studio\jre\bin\verify.dll
0x00007ffb62e50000 - 0x00007ffb63034000 	C:\WINDOWS\SYSTEM32\DBGHELP.DLL
0x00007ffb537b0000 - 0x00007ffb537e4000 	C:\WINDOWS\SYSTEM32\dbgcore.DLL
0x00007ffb65900000 - 0x00007ffb65982000 	C:\WINDOWS\System32\bcryptPrimitives.dll
0x00007ffb2d2e0000 - 0x00007ffb2d309000 	C:\Program Files\Android\Android Studio\jre\bin\java.dll
0x00007ffb46c10000 - 0x00007ffb46c1b000 	C:\Program Files\Android\Android Studio\jre\bin\jimage.dll
0x00007ffb3b0a0000 - 0x00007ffb3b0b8000 	C:\Program Files\Android\Android Studio\jre\bin\zip.dll

dbghelp: loaded successfully - version: 4.0.5 - missing functions: none
symbol engine: initialized successfully - sym options: 0x614 - pdb path: .;C:\Program Files\Android\Android Studio\jre\bin;C:\WINDOWS\SYSTEM32;C:\WINDOWS\WinSxS\amd64_microsoft.windows.common-controls_6595b64144ccf1df_6.0.19041.1110_none_60b5254171f9507e;C:\Program Files\Android\Android Studio\jre\bin\server

VM Arguments:
java_command: <unknown>
java_class_path (initial): <not set>
Launcher Type: SUN_STANDARD

[Global flags]
     intx CICompilerCount                          = 3                                         {product} {ergonomic}
     uint ConcGCThreads                            = 1                                         {product} {ergonomic}
     uint G1ConcRefinementThreads                  = 4                                         {product} {ergonomic}
   size_t G1HeapRegionSize                         = 1048576                                   {product} {ergonomic}
    uintx GCDrainStackTargetSize                   = 64                                        {product} {ergonomic}
   size_t InitialHeapSize                          = 134217728                                 {product} {ergonomic}
   size_t MarkStackSize                            = 4194304                                   {product} {ergonomic}
   size_t MaxHeapSize                              = 2126512128                                {product} {ergonomic}
   size_t MinHeapDeltaBytes                        = 1048576                                   {product} {ergonomic}
    uintx NonNMethodCodeHeapSize                   = 5830732                                {pd product} {ergonomic}
    uintx NonProfiledCodeHeapSize                  = 122913754                              {pd product} {ergonomic}
    uintx ProfiledCodeHeapSize                     = 122913754                              {pd product} {ergonomic}
    uintx ReservedCodeCacheSize                    = 251658240                              {pd product} {ergonomic}
     bool SegmentedCodeCache                       = true                                      {product} {ergonomic}
     bool UseCompressedClassPointers               = true                                 {lp64_product} {ergonomic}
     bool UseCompressedOops                        = true                                 {lp64_product} {ergonomic}
     bool UseG1GC                                  = true                                      {product} {ergonomic}
     bool UseLargePagesIndividualAllocation        = false                                  {pd product} {ergonomic}

Logging:
Log output configuration:
 #0: stdout all=warning uptime,level,tags
 #1: stderr all=off uptime,level,tags

Environment Variables:
PATH=C:\Program Files (x86)\Common Files\Oracle\Java\javapath;C:\Python39\Scripts\;C:\Python39\;C:\Program Files (x86)\Intel\Intel(R) Management Engine Components\iCLS\;C:\Program Files\Intel\Intel(R) Management Engine Components\iCLS\;C:\WINDOWS\system32;C:\WINDOWS;C:\WINDOWS\System32\Wbem;C:\WINDOWS\System32\WindowsPowerShell\v1.0\;C:\WINDOWS\System32\OpenSSH\;C:\Program Files (x86)\Intel\Intel(R) Management Engine Components\DAL;C:\Program Files\Intel\Intel(R) Management Engine Components\DAL;C:\Program Files (x86)\Intel\Intel(R) Management Engine Components\IPT;C:\Program Files\Intel\Intel(R) Management Engine Components\IPT;C:\Program Files\Intel\WiFi\bin\;C:\Program Files\Common Files\Intel\WirelessCommon\;C:\Program Files\PuTTY\;C:\Program Files\Git\cmd;C:\Program Files\nodejs\;C:\ProgramData\chocolatey\bin;C:\TDM-GCC-64\bin;C:\tools\dart-sdk\bin;C:\Users\Arvind\scoop\shims;C:\Program Files\MySQL\MySQL Shell 8.0\bin\;C:\src\flutter\flutter\bin;C:\Users\Arvind\AppData\Local\Microsoft\WindowsApps;C:\Users\Arvind\AppData\Local\Programs\Microsoft VS Code\bin;C:\Program Files\heroku\bin;C:\Users\Arvind\AppData\Roaming\npm;C:\tools\dart-sdk\bin;C:\Users\Arvind\AppData\Roaming\Pub\Cache\bin;;C:\src\flutter\flutter\bin\mingit\cmd
USERNAME=Arvind
OS=Windows_NT
PROCESSOR_IDENTIFIER=Intel64 Family 6 Model 142 Stepping 9, GenuineIntel



---------------  S Y S T E M  ---------------

OS: Windows 10 , 64 bit Build 19041 (10.0.19041.2788)
OS uptime: 0 days 7:06 hours
HyperV virtualization detected

CPU:total 4 (initial active 4) (2 cores per cpu, 2 threads per core) family 6 model 142 stepping 9, cmov, cx8, fxsr, mmx, sse, sse2, sse3, ssse3, sse4.1, sse4.2, popcnt, avx, avx2, aes, clmul, erms, 3dnowpref, lzcnt, ht, tsc, tscinvbit, bmi1, bmi2, adx, fma

Memory: 4k page, system-wide physical 8110M (1144M free)
TotalPageFile size 15592M (AvailPageFile size 74M)
current process WorkingSet (physical memory assigned to process): 9M, peak: 9M
current process commit charge ("private bytes"): 51M, peak: 179M

vm_info: OpenJDK 64-Bit Server VM (11.0.8+10-b944.6842174) for windows-amd64 JRE (11.0.8+10-b944.6842174), built on Sep 19 2020 01:11:42 by "builder" with MS VC++ 14.0 (VS2015)

END.
